[2018-04-17T11:16:59,529][INFO ][logstash.modules.scaffold] Initializing module {:module_name=>"fb_apache", :directory=>"/home/cuckoo/logstash/modules/fb_apache/configuration"}
[2018-04-17T11:16:59,552][INFO ][logstash.modules.scaffold] Initializing module {:module_name=>"netflow", :directory=>"/home/cuckoo/logstash/modules/netflow/configuration"}
[2018-04-17T11:17:00,112][WARN ][logstash.config.source.multilocal] Ignoring the 'pipelines.yml' file because modules or command line options are specified
[2018-04-17T11:17:00,788][INFO ][logstash.runner          ] Starting Logstash {"logstash.version"=>"6.2.3"}
[2018-04-17T11:17:01,280][INFO ][logstash.agent           ] Successfully started Logstash API endpoint {:port=>9600}
[2018-04-17T11:17:05,156][INFO ][logstash.pipeline        ] Starting pipeline {:pipeline_id=>"main", "pipeline.workers"=>8, "pipeline.batch.size"=>125, "pipeline.batch.delay"=>50}
[2018-04-17T11:17:05,724][INFO ][logstash.outputs.elasticsearch] Elasticsearch pool URLs updated {:changes=>{:removed=>[], :added=>[http://192.168.56.1:9200/]}}
[2018-04-17T11:17:05,737][INFO ][logstash.outputs.elasticsearch] Running health check to see if an Elasticsearch connection is working {:healthcheck_url=>http://192.168.56.1:9200/, :path=>"/"}
[2018-04-17T11:17:05,924][WARN ][logstash.outputs.elasticsearch] Restored connection to ES instance {:url=>"http://192.168.56.1:9200/"}
[2018-04-17T11:17:06,023][INFO ][logstash.outputs.elasticsearch] ES Output version determined {:es_version=>6}
[2018-04-17T11:17:06,026][WARN ][logstash.outputs.elasticsearch] Detected a 6.x and above cluster: the `type` event field won't be used to determine the document _type {:es_version=>6}
[2018-04-17T11:17:06,041][INFO ][logstash.outputs.elasticsearch] Using mapping template from {:path=>"/home/cuckoo/logstash/panopticon_mapping.json"}
[2018-04-17T11:17:06,073][INFO ][logstash.outputs.elasticsearch] Attempting to install template {:manage_template=>{"template"=>"logstash-*", "settings"=>{"number_of_shards"=>1, "number_of_replicas"=>0, "index.refresh_interval"=>"5s", "index.routing.allocation.require.box_type"=>"hot", "index.max_result_window"=>"250000"}, "mappings"=>{"_default_"=>{"dynamic_templates"=>[{"message_field"=>{"match"=>"message", "match_mapping_type"=>"string", "mapping"=>{"type"=>"string", "index"=>"analyzed", "omit_norms"=>true, "fielddata"=>{"format"=>"disabled"}}}}, {"string_fields"=>{"match"=>"*", "match_mapping_type"=>"string", "mapping"=>{"type"=>"string", "index"=>"analyzed", "omit_norms"=>true, "fielddata"=>{"format"=>"disabled"}, "fields"=>{"raw"=>{"type"=>"string", "index"=>"not_analyzed"}}}}}], "properties"=>{"@timestamp"=>{"type"=>"date"}, "geoip"=>{"dynamic"=>true, "properties"=>{"ip"=>{"type"=>"ip"}, "location"=>{"type"=>"geo_point"}, "latitude"=>{"type"=>"float"}, "longitude"=>{"type"=>"float"}}}}}}}}
[2018-04-17T11:17:06,119][INFO ][logstash.outputs.elasticsearch] Installing elasticsearch template to _template/logstash
[2018-04-17T11:17:06,290][INFO ][logstash.outputs.elasticsearch] New Elasticsearch output {:class=>"LogStash::Outputs::ElasticSearch", :hosts=>["http://192.168.56.1:9200/"]}
[2018-04-17T11:17:06,382][INFO ][logstash.inputs.tcp      ] Automatically switching from json to json_lines codec {:plugin=>"tcp"}
[2018-04-17T11:17:06,426][INFO ][logstash.inputs.tcp      ] Starting tcp input listener {:address=>"192.168.56.1:5044", :ssl_enable=>"false"}
[2018-04-17T11:17:06,708][INFO ][logstash.pipeline        ] Pipeline started succesfully {:pipeline_id=>"main", :thread=>"#<Thread:0x6ed2f32b sleep>"}
[2018-04-17T11:17:06,775][INFO ][logstash.agent           ] Pipelines running {:count=>1, :pipelines=>["main"]}
[2018-04-17T11:19:58,593][WARN ][logstash.outputs.elasticsearch] Marking url as dead. Last error: [LogStash::Outputs::ElasticSearch::HttpClient::Pool::HostUnreachableError] Elasticsearch Unreachable: [http://192.168.56.1:9200/][Manticore::SocketTimeout] Read timed out {:url=>http://192.168.56.1:9200/, :error_message=>"Elasticsearch Unreachable: [http://192.168.56.1:9200/][Manticore::SocketTimeout] Read timed out", :error_class=>"LogStash::Outputs::ElasticSearch::HttpClient::Pool::HostUnreachableError"}
[2018-04-17T11:19:58,601][WARN ][logstash.outputs.elasticsearch] Marking url as dead. Last error: [LogStash::Outputs::ElasticSearch::HttpClient::Pool::HostUnreachableError] Elasticsearch Unreachable: [http://192.168.56.1:9200/][Manticore::SocketTimeout] Read timed out {:url=>http://192.168.56.1:9200/, :error_message=>"Elasticsearch Unreachable: [http://192.168.56.1:9200/][Manticore::SocketTimeout] Read timed out", :error_class=>"LogStash::Outputs::ElasticSearch::HttpClient::Pool::HostUnreachableError"}
[2018-04-17T11:19:58,606][WARN ][logstash.outputs.elasticsearch] Marking url as dead. Last error: [LogStash::Outputs::ElasticSearch::HttpClient::Pool::HostUnreachableError] Elasticsearch Unreachable: [http://192.168.56.1:9200/][Manticore::SocketTimeout] Read timed out {:url=>http://192.168.56.1:9200/, :error_message=>"Elasticsearch Unreachable: [http://192.168.56.1:9200/][Manticore::SocketTimeout] Read timed out", :error_class=>"LogStash::Outputs::ElasticSearch::HttpClient::Pool::HostUnreachableError"}
[2018-04-17T11:19:58,607][WARN ][logstash.outputs.elasticsearch] Marking url as dead. Last error: [LogStash::Outputs::ElasticSearch::HttpClient::Pool::HostUnreachableError] Elasticsearch Unreachable: [http://192.168.56.1:9200/][Manticore::SocketTimeout] Read timed out {:url=>http://192.168.56.1:9200/, :error_message=>"Elasticsearch Unreachable: [http://192.168.56.1:9200/][Manticore::SocketTimeout] Read timed out", :error_class=>"LogStash::Outputs::ElasticSearch::HttpClient::Pool::HostUnreachableError"}
[2018-04-17T11:19:58,608][WARN ][logstash.outputs.elasticsearch] Marking url as dead. Last error: [LogStash::Outputs::ElasticSearch::HttpClient::Pool::HostUnreachableError] Elasticsearch Unreachable: [http://192.168.56.1:9200/][Manticore::SocketTimeout] Read timed out {:url=>http://192.168.56.1:9200/, :error_message=>"Elasticsearch Unreachable: [http://192.168.56.1:9200/][Manticore::SocketTimeout] Read timed out", :error_class=>"LogStash::Outputs::ElasticSearch::HttpClient::Pool::HostUnreachableError"}
[2018-04-17T11:19:58,609][WARN ][logstash.outputs.elasticsearch] Marking url as dead. Last error: [LogStash::Outputs::ElasticSearch::HttpClient::Pool::HostUnreachableError] Elasticsearch Unreachable: [http://192.168.56.1:9200/][Manticore::SocketTimeout] Read timed out {:url=>http://192.168.56.1:9200/, :error_message=>"Elasticsearch Unreachable: [http://192.168.56.1:9200/][Manticore::SocketTimeout] Read timed out", :error_class=>"LogStash::Outputs::ElasticSearch::HttpClient::Pool::HostUnreachableError"}
[2018-04-17T11:19:58,615][WARN ][logstash.outputs.elasticsearch] Marking url as dead. Last error: [LogStash::Outputs::ElasticSearch::HttpClient::Pool::HostUnreachableError] Elasticsearch Unreachable: [http://192.168.56.1:9200/][Manticore::SocketTimeout] Read timed out {:url=>http://192.168.56.1:9200/, :error_message=>"Elasticsearch Unreachable: [http://192.168.56.1:9200/][Manticore::SocketTimeout] Read timed out", :error_class=>"LogStash::Outputs::ElasticSearch::HttpClient::Pool::HostUnreachableError"}
[2018-04-17T11:19:58,658][ERROR][logstash.outputs.elasticsearch] Attempted to send a bulk request to elasticsearch' but Elasticsearch appears to be unreachable or down! {:error_message=>"Elasticsearch Unreachable: [http://192.168.56.1:9200/][Manticore::SocketTimeout] Read timed out", :class=>"LogStash::Outputs::ElasticSearch::HttpClient::Pool::HostUnreachableError", :will_retry_in_seconds=>2}
[2018-04-17T11:19:58,658][ERROR][logstash.outputs.elasticsearch] Attempted to send a bulk request to elasticsearch' but Elasticsearch appears to be unreachable or down! {:error_message=>"Elasticsearch Unreachable: [http://192.168.56.1:9200/][Manticore::SocketTimeout] Read timed out", :class=>"LogStash::Outputs::ElasticSearch::HttpClient::Pool::HostUnreachableError", :will_retry_in_seconds=>2}
[2018-04-17T11:19:58,658][ERROR][logstash.outputs.elasticsearch] Attempted to send a bulk request to elasticsearch' but Elasticsearch appears to be unreachable or down! {:error_message=>"Elasticsearch Unreachable: [http://192.168.56.1:9200/][Manticore::SocketTimeout] Read timed out", :class=>"LogStash::Outputs::ElasticSearch::HttpClient::Pool::HostUnreachableError", :will_retry_in_seconds=>2}
[2018-04-17T11:19:58,623][ERROR][logstash.outputs.elasticsearch] Attempted to send a bulk request to elasticsearch' but Elasticsearch appears to be unreachable or down! {:error_message=>"Elasticsearch Unreachable: [http://192.168.56.1:9200/][Manticore::SocketTimeout] Read timed out", :class=>"LogStash::Outputs::ElasticSearch::HttpClient::Pool::HostUnreachableError", :will_retry_in_seconds=>2}
[2018-04-17T11:19:58,668][ERROR][logstash.outputs.elasticsearch] Attempted to send a bulk request to elasticsearch' but Elasticsearch appears to be unreachable or down! {:error_message=>"Elasticsearch Unreachable: [http://192.168.56.1:9200/][Manticore::SocketTimeout] Read timed out", :class=>"LogStash::Outputs::ElasticSearch::HttpClient::Pool::HostUnreachableError", :will_retry_in_seconds=>2}
[2018-04-17T11:19:58,668][ERROR][logstash.outputs.elasticsearch] Attempted to send a bulk request to elasticsearch' but Elasticsearch appears to be unreachable or down! {:error_message=>"Elasticsearch Unreachable: [http://192.168.56.1:9200/][Manticore::SocketTimeout] Read timed out", :class=>"LogStash::Outputs::ElasticSearch::HttpClient::Pool::HostUnreachableError", :will_retry_in_seconds=>2}
[2018-04-17T11:19:58,668][ERROR][logstash.outputs.elasticsearch] Attempted to send a bulk request to elasticsearch' but Elasticsearch appears to be unreachable or down! {:error_message=>"Elasticsearch Unreachable: [http://192.168.56.1:9200/][Manticore::SocketTimeout] Read timed out", :class=>"LogStash::Outputs::ElasticSearch::HttpClient::Pool::HostUnreachableError", :will_retry_in_seconds=>2}
[2018-04-17T11:20:00,676][WARN ][logstash.outputs.elasticsearch] UNEXPECTED POOL ERROR {:e=>#<LogStash::Outputs::ElasticSearch::HttpClient::Pool::NoConnectionAvailableError: No Available connections>}
[2018-04-17T11:20:00,676][WARN ][logstash.outputs.elasticsearch] UNEXPECTED POOL ERROR {:e=>#<LogStash::Outputs::ElasticSearch::HttpClient::Pool::NoConnectionAvailableError: No Available connections>}
[2018-04-17T11:20:00,677][WARN ][logstash.outputs.elasticsearch] UNEXPECTED POOL ERROR {:e=>#<LogStash::Outputs::ElasticSearch::HttpClient::Pool::NoConnectionAvailableError: No Available connections>}
[2018-04-17T11:20:00,677][WARN ][logstash.outputs.elasticsearch] UNEXPECTED POOL ERROR {:e=>#<LogStash::Outputs::ElasticSearch::HttpClient::Pool::NoConnectionAvailableError: No Available connections>}
[2018-04-17T11:20:00,677][WARN ][logstash.outputs.elasticsearch] UNEXPECTED POOL ERROR {:e=>#<LogStash::Outputs::ElasticSearch::HttpClient::Pool::NoConnectionAvailableError: No Available connections>}
[2018-04-17T11:20:00,678][ERROR][logstash.outputs.elasticsearch] Attempted to send a bulk request to elasticsearch, but no there are no living connections in the connection pool. Perhaps Elasticsearch is unreachable or down? {:error_message=>"No Available connections", :class=>"LogStash::Outputs::ElasticSearch::HttpClient::Pool::NoConnectionAvailableError", :will_retry_in_seconds=>4}
[2018-04-17T11:20:00,678][ERROR][logstash.outputs.elasticsearch] Attempted to send a bulk request to elasticsearch, but no there are no living connections in the connection pool. Perhaps Elasticsearch is unreachable or down? {:error_message=>"No Available connections", :class=>"LogStash::Outputs::ElasticSearch::HttpClient::Pool::NoConnectionAvailableError", :will_retry_in_seconds=>4}
[2018-04-17T11:20:00,681][ERROR][logstash.outputs.elasticsearch] Attempted to send a bulk request to elasticsearch, but no there are no living connections in the connection pool. Perhaps Elasticsearch is unreachable or down? {:error_message=>"No Available connections", :class=>"LogStash::Outputs::ElasticSearch::HttpClient::Pool::NoConnectionAvailableError", :will_retry_in_seconds=>4}
[2018-04-17T11:20:00,678][ERROR][logstash.outputs.elasticsearch] Attempted to send a bulk request to elasticsearch, but no there are no living connections in the connection pool. Perhaps Elasticsearch is unreachable or down? {:error_message=>"No Available connections", :class=>"LogStash::Outputs::ElasticSearch::HttpClient::Pool::NoConnectionAvailableError", :will_retry_in_seconds=>4}
[2018-04-17T11:20:00,681][ERROR][logstash.outputs.elasticsearch] Attempted to send a bulk request to elasticsearch, but no there are no living connections in the connection pool. Perhaps Elasticsearch is unreachable or down? {:error_message=>"No Available connections", :class=>"LogStash::Outputs::ElasticSearch::HttpClient::Pool::NoConnectionAvailableError", :will_retry_in_seconds=>4}
[2018-04-17T11:20:00,683][WARN ][logstash.outputs.elasticsearch] UNEXPECTED POOL ERROR {:e=>#<LogStash::Outputs::ElasticSearch::HttpClient::Pool::NoConnectionAvailableError: No Available connections>}
[2018-04-17T11:20:00,683][WARN ][logstash.outputs.elasticsearch] UNEXPECTED POOL ERROR {:e=>#<LogStash::Outputs::ElasticSearch::HttpClient::Pool::NoConnectionAvailableError: No Available connections>}
[2018-04-17T11:20:00,690][ERROR][logstash.outputs.elasticsearch] Attempted to send a bulk request to elasticsearch, but no there are no living connections in the connection pool. Perhaps Elasticsearch is unreachable or down? {:error_message=>"No Available connections", :class=>"LogStash::Outputs::ElasticSearch::HttpClient::Pool::NoConnectionAvailableError", :will_retry_in_seconds=>4}
[2018-04-17T11:20:00,691][ERROR][logstash.outputs.elasticsearch] Attempted to send a bulk request to elasticsearch, but no there are no living connections in the connection pool. Perhaps Elasticsearch is unreachable or down? {:error_message=>"No Available connections", :class=>"LogStash::Outputs::ElasticSearch::HttpClient::Pool::NoConnectionAvailableError", :will_retry_in_seconds=>4}
[2018-04-17T11:20:01,104][INFO ][logstash.outputs.elasticsearch] Running health check to see if an Elasticsearch connection is working {:healthcheck_url=>http://192.168.56.1:9200/, :path=>"/"}
[2018-04-17T11:20:01,115][WARN ][logstash.outputs.elasticsearch] Restored connection to ES instance {:url=>"http://192.168.56.1:9200/"}
[2018-04-17T11:20:49,369][INFO ][logstash.outputs.elasticsearch] retrying failed action with response code: 503 ({"type"=>"unavailable_shards_exception", "reason"=>"[logstash-2018.04.17][0] primary shard is not active Timeout: [1m], request: [BulkShardRequest [[logstash-2018.04.17][0]] containing [6] requests]"})
[2018-04-17T11:20:49,370][INFO ][logstash.outputs.elasticsearch] retrying failed action with response code: 503 ({"type"=>"unavailable_shards_exception", "reason"=>"[logstash-2018.04.17][0] primary shard is not active Timeout: [1m], request: [BulkShardRequest [[logstash-2018.04.17][0]] containing [6] requests]"})
[2018-04-17T11:20:49,370][INFO ][logstash.outputs.elasticsearch] retrying failed action with response code: 503 ({"type"=>"unavailable_shards_exception", "reason"=>"[logstash-2018.04.17][0] primary shard is not active Timeout: [1m], request: [BulkShardRequest [[logstash-2018.04.17][0]] containing [6] requests]"})
[2018-04-17T11:20:49,370][INFO ][logstash.outputs.elasticsearch] retrying failed action with response code: 503 ({"type"=>"unavailable_shards_exception", "reason"=>"[logstash-2018.04.17][0] primary shard is not active Timeout: [1m], request: [BulkShardRequest [[logstash-2018.04.17][0]] containing [6] requests]"})
[2018-04-17T11:20:49,371][INFO ][logstash.outputs.elasticsearch] retrying failed action with response code: 503 ({"type"=>"unavailable_shards_exception", "reason"=>"[logstash-2018.04.17][0] primary shard is not active Timeout: [1m], request: [BulkShardRequest [[logstash-2018.04.17][0]] containing [6] requests]"})
[2018-04-17T11:20:49,371][INFO ][logstash.outputs.elasticsearch] retrying failed action with response code: 503 ({"type"=>"unavailable_shards_exception", "reason"=>"[logstash-2018.04.17][0] primary shard is not active Timeout: [1m], request: [BulkShardRequest [[logstash-2018.04.17][0]] containing [6] requests]"})
[2018-04-17T11:20:49,373][INFO ][logstash.outputs.elasticsearch] Retrying individual bulk actions that failed or were rejected by the previous bulk request. {:count=>6}
[2018-04-17T11:21:04,694][INFO ][logstash.outputs.elasticsearch] retrying failed action with response code: 503 ({"type"=>"unavailable_shards_exception", "reason"=>"[logstash-2018.04.17][0] primary shard is not active Timeout: [1m], request: [BulkShardRequest [[logstash-2018.04.17][0]] containing [index {[logstash-2018.04.17][doc][gLzn0mIBys1WSt6LbCBP], source[n/a, actual length: [3.5kb], max length: 2kb]}]]"})
[2018-04-17T11:21:04,695][INFO ][logstash.outputs.elasticsearch] Retrying individual bulk actions that failed or were rejected by the previous bulk request. {:count=>1}
[2018-04-17T11:21:04,699][WARN ][logstash.outputs.elasticsearch] Marking url as dead. Last error: [LogStash::Outputs::ElasticSearch::HttpClient::Pool::HostUnreachableError] Elasticsearch Unreachable: [http://192.168.56.1:9200/][Manticore::SocketTimeout] Read timed out {:url=>http://192.168.56.1:9200/, :error_message=>"Elasticsearch Unreachable: [http://192.168.56.1:9200/][Manticore::SocketTimeout] Read timed out", :error_class=>"LogStash::Outputs::ElasticSearch::HttpClient::Pool::HostUnreachableError"}
[2018-04-17T11:21:04,700][ERROR][logstash.outputs.elasticsearch] Attempted to send a bulk request to elasticsearch' but Elasticsearch appears to be unreachable or down! {:error_message=>"Elasticsearch Unreachable: [http://192.168.56.1:9200/][Manticore::SocketTimeout] Read timed out", :class=>"LogStash::Outputs::ElasticSearch::HttpClient::Pool::HostUnreachableError", :will_retry_in_seconds=>8}
[2018-04-17T11:21:04,711][INFO ][logstash.outputs.elasticsearch] retrying failed action with response code: 503 ({"type"=>"unavailable_shards_exception", "reason"=>"[logstash-2018.04.17][0] primary shard is not active Timeout: [1m], request: [BulkShardRequest [[logstash-2018.04.17][0]] containing [index {[logstash-2018.04.17][doc][gbzn0mIBys1WSt6LbCBT], source[{\"@timestamp\":\"2018-04-17T09:18:58.267Z\",\"Version\":0,\"EventID\":4634,\"Severity\":\"INFO\",\"TargetUserName\":\"ANONYMOUS LOGON\",\"EventTime\":\"2018-03-31 14:04:29\",\"port\":60825,\"EventReceivedTime\":\"2018-03-31 14:04:30\",\"TargetLogonId\":\"0x1123886f\",\"TargetUserSid\":\"S-1-5-7\",\"OpcodeValue\":0,\"ExecutionThreadID\":1200,\"RecordNumber\":3810,\"Hostname\":\"john-PC\",\"ProviderGuid\":\"{54849625-5478-4994-A5BA-3E3B0328C30D}\",\"LogonType\":\"3\",\"Opcode\":\"InformaciĂłn\",\"@version\":\"1\",\"Task\":12545,\"SeverityValue\":2,\"EventType\":\"AUDIT_SUCCESS\",\"Channel\":\"Security\",\"SourceModuleType\":\"im_msvistalog\",\"ExecutionProcessID\":464,\"SourceName\":\"Microsoft-Windows-Security-Auditing\",\"Message\":\"Se cerrĂł sesiĂłn en una cuenta.\\r\\n\\r\\nSujeto:\\r\\n\\tId. de seguridad:\\t\\tS-1-5-7\\r\\n\\tNombre de cuenta:\\t\\tANONYMOUS LOGON\\r\\n\\tDominio de cuenta:\\t\\tNT AUTHORITY\\r\\n\\tId. de inicio de sesiĂłn:\\t\\t0x1123886f\\r\\n\\r\\nTipo de inicio de sesiĂłn:\\t\\t\\t3\\r\\n\\r\\nEste evento se genera cuando se destruye una sesiĂłn de inicio. Puede estar correlacionado de manera positiva con un evento de inicio de sesiĂłn mediante el valor Id. de inicio de sesiĂłn. Los id. de inicio de sesiĂłn sĂłlo son Ăşnicos entre reinicios en el mismo equipo.\",\"host\":\"192.168.56.102\",\"TargetDomainName\":\"NT AUTHORITY\",\"Category\":\"Cerrar sesiĂłn\",\"Keywords\":-9214364837600034816,\"SourceModuleName\":\"in\"}]}]]"})
[2018-04-17T11:21:04,711][INFO ][logstash.outputs.elasticsearch] Retrying individual bulk actions that failed or were rejected by the previous bulk request. {:count=>1}
[2018-04-17T11:21:04,711][INFO ][logstash.outputs.elasticsearch] retrying failed action with response code: 503 ({"type"=>"unavailable_shards_exception", "reason"=>"[logstash-2018.04.17][0] primary shard is not active Timeout: [1m], request: [BulkShardRequest [[logstash-2018.04.17][0]] containing [index {[logstash-2018.04.17][doc][grzn0mIBys1WSt6LbCBT], source[{\"@timestamp\":\"2018-04-17T09:18:58.263Z\",\"Version\":0,\"EventID\":7023,\"Severity\":\"ERROR\",\"port\":60825,\"EventTime\":\"2018-03-31 14:04:29\",\"EventReceivedTime\":\"2018-03-31 14:04:30\",\"OpcodeValue\":0,\"ExecutionThreadID\":1224,\"RecordNumber\":6296,\"Hostname\":\"john-PC\",\"param2\":\"%%1062\",\"ProviderGuid\":\"{555908D1-A6D7-4695-8E1E-26931D2012F4}\",\"@version\":\"1\",\"Task\":0,\"SeverityValue\":4,\"EventType\":\"ERROR\",\"Channel\":\"System\",\"SourceModuleType\":\"im_msvistalog\",\"param1\":\"Servidor\",\"ExecutionProcessID\":456,\"SourceName\":\"Service Control Manager\",\"Message\":\"El servicio Servidor se cerrĂł con el siguiente error: \\r\\nNo se ha iniciado el servicio.\",\"host\":\"192.168.56.102\",\"Keywords\":-9187343239835811840,\"SourceModuleName\":\"in\"}]}]]"})
[2018-04-17T11:21:04,712][INFO ][logstash.outputs.elasticsearch] Retrying individual bulk actions that failed or were rejected by the previous bulk request. {:count=>1}
[2018-04-17T11:21:04,712][INFO ][logstash.outputs.elasticsearch] retrying failed action with response code: 503 ({"type"=>"unavailable_shards_exception", "reason"=>"[logstash-2018.04.17][0] primary shard is not active Timeout: [1m], request: [BulkShardRequest [[logstash-2018.04.17][0]] containing [index {[logstash-2018.04.17][doc][hrzn0mIBys1WSt6LbCBb], source[{\"@timestamp\":\"2018-04-17T09:18:58.267Z\",\"Version\":0,\"EventID\":7023,\"Severity\":\"ERROR\",\"port\":60825,\"EventTime\":\"2018-03-31 14:04:29\",\"EventReceivedTime\":\"2018-03-31 14:04:30\",\"OpcodeValue\":0,\"ExecutionThreadID\":1224,\"RecordNumber\":6303,\"Hostname\":\"john-PC\",\"param2\":\"%%1062\",\"ProviderGuid\":\"{555908D1-A6D7-4695-8E1E-26931D2012F4}\",\"@version\":\"1\",\"Task\":0,\"SeverityValue\":4,\"EventType\":\"ERROR\",\"Channel\":\"System\",\"SourceModuleType\":\"im_msvistalog\",\"param1\":\"Servidor\",\"ExecutionProcessID\":456,\"SourceName\":\"Service Control Manager\",\"Message\":\"El servicio Servidor se cerrĂł con el siguiente error: \\r\\nNo se ha iniciado el servicio.\",\"host\":\"192.168.56.102\",\"Keywords\":-9187343239835811840,\"SourceModuleName\":\"in\"}]}]]"})
[2018-04-17T11:21:04,712][INFO ][logstash.outputs.elasticsearch] Retrying individual bulk actions that failed or were rejected by the previous bulk request. {:count=>1}
[2018-04-17T11:21:04,715][INFO ][logstash.outputs.elasticsearch] retrying failed action with response code: 503 ({"type"=>"unavailable_shards_exception", "reason"=>"[logstash-2018.04.17][0] primary shard is not active Timeout: [1m], request: [BulkShardRequest [[logstash-2018.04.17][0]] containing [index {[logstash-2018.04.17][doc][g7zn0mIBys1WSt6LbCBT], source[{\"@timestamp\":\"2018-04-17T09:18:58.263Z\",\"Version\":0,\"EventID\":4634,\"Severity\":\"INFO\",\"TargetUserName\":\"ANONYMOUS LOGON\",\"EventTime\":\"2018-03-31 14:04:29\",\"port\":60825,\"EventReceivedTime\":\"2018-03-31 14:04:30\",\"TargetLogonId\":\"0x11235ecc\",\"TargetUserSid\":\"S-1-5-7\",\"OpcodeValue\":0,\"ExecutionThreadID\":1200,\"RecordNumber\":3808,\"Hostname\":\"john-PC\",\"ProviderGuid\":\"{54849625-5478-4994-A5BA-3E3B0328C30D}\",\"LogonType\":\"3\",\"Opcode\":\"InformaciĂłn\",\"@version\":\"1\",\"Task\":12545,\"SeverityValue\":2,\"EventType\":\"AUDIT_SUCCESS\",\"Channel\":\"Security\",\"SourceModuleType\":\"im_msvistalog\",\"ExecutionProcessID\":464,\"SourceName\":\"Microsoft-Windows-Security-Auditing\",\"Message\":\"Se cerrĂł sesiĂłn en una cuenta.\\r\\n\\r\\nSujeto:\\r\\n\\tId. de seguridad:\\t\\tS-1-5-7\\r\\n\\tNombre de cuenta:\\t\\tANONYMOUS LOGON\\r\\n\\tDominio de cuenta:\\t\\tNT AUTHORITY\\r\\n\\tId. de inicio de sesiĂłn:\\t\\t0x11235ecc\\r\\n\\r\\nTipo de inicio de sesiĂłn:\\t\\t\\t3\\r\\n\\r\\nEste evento se genera cuando se destruye una sesiĂłn de inicio. Puede estar correlacionado de manera positiva con un evento de inicio de sesiĂłn mediante el valor Id. de inicio de sesiĂłn. Los id. de inicio de sesiĂłn sĂłlo son Ăşnicos entre reinicios en el mismo equipo.\",\"host\":\"192.168.56.102\",\"TargetDomainName\":\"NT AUTHORITY\",\"Category\":\"Cerrar sesiĂłn\",\"Keywords\":-9214364837600034816,\"SourceModuleName\":\"in\"}]}]]"})
[2018-04-17T11:21:04,715][INFO ][logstash.outputs.elasticsearch] Retrying individual bulk actions that failed or were rejected by the previous bulk request. {:count=>1}
[2018-04-17T11:21:04,717][INFO ][logstash.outputs.elasticsearch] retrying failed action with response code: 503 ({"type"=>"unavailable_shards_exception", "reason"=>"[logstash-2018.04.17][0] primary shard is not active Timeout: [1m], request: [BulkShardRequest [[logstash-2018.04.17][0]] containing [index {[logstash-2018.04.17][doc][h7zn0mIBys1WSt6LbCBb], source[{\"@timestamp\":\"2018-04-17T09:18:58.266Z\",\"Version\":0,\"EventID\":7024,\"Severity\":\"ERROR\",\"port\":60825,\"EventTime\":\"2018-03-31 14:04:29\",\"EventReceivedTime\":\"2018-03-31 14:04:30\",\"OpcodeValue\":0,\"ExecutionThreadID\":3036,\"RecordNumber\":6300,\"Hostname\":\"john-PC\",\"param2\":\"%%2184\",\"ProviderGuid\":\"{555908D1-A6D7-4695-8E1E-26931D2012F4}\",\"@version\":\"1\",\"Task\":0,\"SeverityValue\":4,\"EventType\":\"ERROR\",\"Channel\":\"System\",\"SourceModuleType\":\"im_msvistalog\",\"param1\":\"Examinador de equipos\",\"ExecutionProcessID\":456,\"SourceName\":\"Service Control Manager\",\"Message\":\"El servicio Examinador de equipos se cerrĂł con el error especĂ­fico de servicio No se ha iniciado el servicio..\",\"host\":\"192.168.56.102\",\"Keywords\":-9187343239835811840,\"SourceModuleName\":\"in\"}]}]]"})
[2018-04-17T11:21:04,717][INFO ][logstash.outputs.elasticsearch] Retrying individual bulk actions that failed or were rejected by the previous bulk request. {:count=>1}
[2018-04-17T11:21:06,144][INFO ][logstash.outputs.elasticsearch] Running health check to see if an Elasticsearch connection is working {:healthcheck_url=>http://192.168.56.1:9200/, :path=>"/"}
[2018-04-17T11:21:06,151][WARN ][logstash.outputs.elasticsearch] Restored connection to ES instance {:url=>"http://192.168.56.1:9200/"}
[2018-04-17T11:21:51,395][INFO ][logstash.outputs.elasticsearch] retrying failed action with response code: 503 ({"type"=>"unavailable_shards_exception", "reason"=>"[logstash-2018.04.17][0] primary shard is not active Timeout: [1m], request: [BulkShardRequest [[logstash-2018.04.17][0]] containing [6] requests]"})
[2018-04-17T11:21:51,395][INFO ][logstash.outputs.elasticsearch] retrying failed action with response code: 503 ({"type"=>"unavailable_shards_exception", "reason"=>"[logstash-2018.04.17][0] primary shard is not active Timeout: [1m], request: [BulkShardRequest [[logstash-2018.04.17][0]] containing [6] requests]"})
[2018-04-17T11:21:51,395][INFO ][logstash.outputs.elasticsearch] retrying failed action with response code: 503 ({"type"=>"unavailable_shards_exception", "reason"=>"[logstash-2018.04.17][0] primary shard is not active Timeout: [1m], request: [BulkShardRequest [[logstash-2018.04.17][0]] containing [6] requests]"})
[2018-04-17T11:21:51,395][INFO ][logstash.outputs.elasticsearch] retrying failed action with response code: 503 ({"type"=>"unavailable_shards_exception", "reason"=>"[logstash-2018.04.17][0] primary shard is not active Timeout: [1m], request: [BulkShardRequest [[logstash-2018.04.17][0]] containing [6] requests]"})
[2018-04-17T11:21:51,395][INFO ][logstash.outputs.elasticsearch] retrying failed action with response code: 503 ({"type"=>"unavailable_shards_exception", "reason"=>"[logstash-2018.04.17][0] primary shard is not active Timeout: [1m], request: [BulkShardRequest [[logstash-2018.04.17][0]] containing [6] requests]"})
[2018-04-17T11:21:51,396][INFO ][logstash.outputs.elasticsearch] retrying failed action with response code: 503 ({"type"=>"unavailable_shards_exception", "reason"=>"[logstash-2018.04.17][0] primary shard is not active Timeout: [1m], request: [BulkShardRequest [[logstash-2018.04.17][0]] containing [6] requests]"})
[2018-04-17T11:21:51,396][INFO ][logstash.outputs.elasticsearch] Retrying individual bulk actions that failed or were rejected by the previous bulk request. {:count=>6}
[2018-04-17T11:22:06,705][INFO ][logstash.outputs.elasticsearch] retrying failed action with response code: 503 ({"type"=>"unavailable_shards_exception", "reason"=>"[logstash-2018.04.17][0] primary shard is not active Timeout: [1m], request: [BulkShardRequest [[logstash-2018.04.17][0]] containing [index {[logstash-2018.04.17][doc][jrzo0mIBys1WSt6LXiCO], source[n/a, actual length: [3.5kb], max length: 2kb]}]]"})
[2018-04-17T11:22:06,705][INFO ][logstash.outputs.elasticsearch] Retrying individual bulk actions that failed or were rejected by the previous bulk request. {:count=>1}
[2018-04-17T11:22:06,720][INFO ][logstash.outputs.elasticsearch] retrying failed action with response code: 503 ({"type"=>"unavailable_shards_exception", "reason"=>"[logstash-2018.04.17][0] primary shard is not active Timeout: [1m], request: [BulkShardRequest [[logstash-2018.04.17][0]] containing [index {[logstash-2018.04.17][doc][kLzo0mIBys1WSt6LXiCc], source[{\"@timestamp\":\"2018-04-17T09:18:58.267Z\",\"Version\":0,\"EventID\":7023,\"Severity\":\"ERROR\",\"port\":60825,\"EventTime\":\"2018-03-31 14:04:29\",\"EventReceivedTime\":\"2018-03-31 14:04:30\",\"OpcodeValue\":0,\"ExecutionThreadID\":1224,\"RecordNumber\":6303,\"Hostname\":\"john-PC\",\"param2\":\"%%1062\",\"ProviderGuid\":\"{555908D1-A6D7-4695-8E1E-26931D2012F4}\",\"@version\":\"1\",\"Task\":0,\"SeverityValue\":4,\"EventType\":\"ERROR\",\"Channel\":\"System\",\"SourceModuleType\":\"im_msvistalog\",\"param1\":\"Servidor\",\"ExecutionProcessID\":456,\"SourceName\":\"Service Control Manager\",\"Message\":\"El servicio Servidor se cerrĂł con el siguiente error: \\r\\nNo se ha iniciado el servicio.\",\"host\":\"192.168.56.102\",\"Keywords\":-9187343239835811840,\"SourceModuleName\":\"in\"}]}]]"})
[2018-04-17T11:22:06,720][INFO ][logstash.outputs.elasticsearch] retrying failed action with response code: 503 ({"type"=>"unavailable_shards_exception", "reason"=>"[logstash-2018.04.17][0] primary shard is not active Timeout: [1m], request: [BulkShardRequest [[logstash-2018.04.17][0]] containing [index {[logstash-2018.04.17][doc][j7zo0mIBys1WSt6LXiCc], source[{\"@timestamp\":\"2018-04-17T09:18:58.267Z\",\"Version\":0,\"EventID\":4634,\"Severity\":\"INFO\",\"TargetUserName\":\"ANONYMOUS LOGON\",\"EventTime\":\"2018-03-31 14:04:29\",\"port\":60825,\"EventReceivedTime\":\"2018-03-31 14:04:30\",\"TargetLogonId\":\"0x1123886f\",\"TargetUserSid\":\"S-1-5-7\",\"OpcodeValue\":0,\"ExecutionThreadID\":1200,\"RecordNumber\":3810,\"Hostname\":\"john-PC\",\"ProviderGuid\":\"{54849625-5478-4994-A5BA-3E3B0328C30D}\",\"LogonType\":\"3\",\"Opcode\":\"InformaciĂłn\",\"@version\":\"1\",\"Task\":12545,\"SeverityValue\":2,\"EventType\":\"AUDIT_SUCCESS\",\"Channel\":\"Security\",\"SourceModuleType\":\"im_msvistalog\",\"ExecutionProcessID\":464,\"SourceName\":\"Microsoft-Windows-Security-Auditing\",\"Message\":\"Se cerrĂł sesiĂłn en una cuenta.\\r\\n\\r\\nSujeto:\\r\\n\\tId. de seguridad:\\t\\tS-1-5-7\\r\\n\\tNombre de cuenta:\\t\\tANONYMOUS LOGON\\r\\n\\tDominio de cuenta:\\t\\tNT AUTHORITY\\r\\n\\tId. de inicio de sesiĂłn:\\t\\t0x1123886f\\r\\n\\r\\nTipo de inicio de sesiĂłn:\\t\\t\\t3\\r\\n\\r\\nEste evento se genera cuando se destruye una sesiĂłn de inicio. Puede estar correlacionado de manera positiva con un evento de inicio de sesiĂłn mediante el valor Id. de inicio de sesiĂłn. Los id. de inicio de sesiĂłn sĂłlo son Ăşnicos entre reinicios en el mismo equipo.\",\"host\":\"192.168.56.102\",\"TargetDomainName\":\"NT AUTHORITY\",\"Category\":\"Cerrar sesiĂłn\",\"Keywords\":-9214364837600034816,\"SourceModuleName\":\"in\"}]}]]"})
[2018-04-17T11:22:06,720][INFO ][logstash.outputs.elasticsearch] retrying failed action with response code: 503 ({"type"=>"unavailable_shards_exception", "reason"=>"[logstash-2018.04.17][0] primary shard is not active Timeout: [1m], request: [BulkShardRequest [[logstash-2018.04.17][0]] containing [index {[logstash-2018.04.17][doc][kbzo0mIBys1WSt6LXiCc], source[{\"@timestamp\":\"2018-04-17T09:18:58.263Z\",\"Version\":0,\"EventID\":7023,\"Severity\":\"ERROR\",\"port\":60825,\"EventTime\":\"2018-03-31 14:04:29\",\"EventReceivedTime\":\"2018-03-31 14:04:30\",\"OpcodeValue\":0,\"ExecutionThreadID\":1224,\"RecordNumber\":6296,\"Hostname\":\"john-PC\",\"param2\":\"%%1062\",\"ProviderGuid\":\"{555908D1-A6D7-4695-8E1E-26931D2012F4}\",\"@version\":\"1\",\"Task\":0,\"SeverityValue\":4,\"EventType\":\"ERROR\",\"Channel\":\"System\",\"SourceModuleType\":\"im_msvistalog\",\"param1\":\"Servidor\",\"ExecutionProcessID\":456,\"SourceName\":\"Service Control Manager\",\"Message\":\"El servicio Servidor se cerrĂł con el siguiente error: \\r\\nNo se ha iniciado el servicio.\",\"host\":\"192.168.56.102\",\"Keywords\":-9187343239835811840,\"SourceModuleName\":\"in\"}]}]]"})
[2018-04-17T11:22:06,720][INFO ][logstash.outputs.elasticsearch] Retrying individual bulk actions that failed or were rejected by the previous bulk request. {:count=>1}
[2018-04-17T11:22:06,720][INFO ][logstash.outputs.elasticsearch] Retrying individual bulk actions that failed or were rejected by the previous bulk request. {:count=>1}
[2018-04-17T11:22:06,720][INFO ][logstash.outputs.elasticsearch] Retrying individual bulk actions that failed or were rejected by the previous bulk request. {:count=>1}
[2018-04-17T11:22:06,725][INFO ][logstash.outputs.elasticsearch] retrying failed action with response code: 503 ({"type"=>"unavailable_shards_exception", "reason"=>"[logstash-2018.04.17][0] primary shard is not active Timeout: [1m], request: [BulkShardRequest [[logstash-2018.04.17][0]] containing [index {[logstash-2018.04.17][doc][krzo0mIBys1WSt6LXiCf], source[{\"@timestamp\":\"2018-04-17T09:18:58.263Z\",\"Version\":0,\"EventID\":4634,\"Severity\":\"INFO\",\"TargetUserName\":\"ANONYMOUS LOGON\",\"EventTime\":\"2018-03-31 14:04:29\",\"port\":60825,\"EventReceivedTime\":\"2018-03-31 14:04:30\",\"TargetLogonId\":\"0x11235ecc\",\"TargetUserSid\":\"S-1-5-7\",\"OpcodeValue\":0,\"ExecutionThreadID\":1200,\"RecordNumber\":3808,\"Hostname\":\"john-PC\",\"ProviderGuid\":\"{54849625-5478-4994-A5BA-3E3B0328C30D}\",\"LogonType\":\"3\",\"Opcode\":\"InformaciĂłn\",\"@version\":\"1\",\"Task\":12545,\"SeverityValue\":2,\"EventType\":\"AUDIT_SUCCESS\",\"Channel\":\"Security\",\"SourceModuleType\":\"im_msvistalog\",\"ExecutionProcessID\":464,\"SourceName\":\"Microsoft-Windows-Security-Auditing\",\"Message\":\"Se cerrĂł sesiĂłn en una cuenta.\\r\\n\\r\\nSujeto:\\r\\n\\tId. de seguridad:\\t\\tS-1-5-7\\r\\n\\tNombre de cuenta:\\t\\tANONYMOUS LOGON\\r\\n\\tDominio de cuenta:\\t\\tNT AUTHORITY\\r\\n\\tId. de inicio de sesiĂłn:\\t\\t0x11235ecc\\r\\n\\r\\nTipo de inicio de sesiĂłn:\\t\\t\\t3\\r\\n\\r\\nEste evento se genera cuando se destruye una sesiĂłn de inicio. Puede estar correlacionado de manera positiva con un evento de inicio de sesiĂłn mediante el valor Id. de inicio de sesiĂłn. Los id. de inicio de sesiĂłn sĂłlo son Ăşnicos entre reinicios en el mismo equipo.\",\"host\":\"192.168.56.102\",\"TargetDomainName\":\"NT AUTHORITY\",\"Category\":\"Cerrar sesiĂłn\",\"Keywords\":-9214364837600034816,\"SourceModuleName\":\"in\"}]}]]"})
[2018-04-17T11:22:06,725][INFO ][logstash.outputs.elasticsearch] Retrying individual bulk actions that failed or were rejected by the previous bulk request. {:count=>1}
[2018-04-17T11:22:06,726][INFO ][logstash.outputs.elasticsearch] retrying failed action with response code: 503 ({"type"=>"unavailable_shards_exception", "reason"=>"[logstash-2018.04.17][0] primary shard is not active Timeout: [1m], request: [BulkShardRequest [[logstash-2018.04.17][0]] containing [index {[logstash-2018.04.17][doc][k7zo0mIBys1WSt6LXiCi], source[{\"@timestamp\":\"2018-04-17T09:18:58.266Z\",\"Version\":0,\"EventID\":7024,\"Severity\":\"ERROR\",\"port\":60825,\"EventTime\":\"2018-03-31 14:04:29\",\"EventReceivedTime\":\"2018-03-31 14:04:30\",\"OpcodeValue\":0,\"ExecutionThreadID\":3036,\"RecordNumber\":6300,\"Hostname\":\"john-PC\",\"param2\":\"%%2184\",\"ProviderGuid\":\"{555908D1-A6D7-4695-8E1E-26931D2012F4}\",\"@version\":\"1\",\"Task\":0,\"SeverityValue\":4,\"EventType\":\"ERROR\",\"Channel\":\"System\",\"SourceModuleType\":\"im_msvistalog\",\"param1\":\"Examinador de equipos\",\"ExecutionProcessID\":456,\"SourceName\":\"Service Control Manager\",\"Message\":\"El servicio Examinador de equipos se cerrĂł con el error especĂ­fico de servicio No se ha iniciado el servicio..\",\"host\":\"192.168.56.102\",\"Keywords\":-9187343239835811840,\"SourceModuleName\":\"in\"}]}]]"})
[2018-04-17T11:22:06,726][INFO ][logstash.outputs.elasticsearch] Retrying individual bulk actions that failed or were rejected by the previous bulk request. {:count=>1}
[2018-04-17T11:22:12,724][INFO ][logstash.outputs.elasticsearch] retrying failed action with response code: 503 ({"type"=>"unavailable_shards_exception", "reason"=>"[logstash-2018.04.17][0] primary shard is not active Timeout: [1m], request: [BulkShardRequest [[logstash-2018.04.17][0]] containing [2] requests]"})
[2018-04-17T11:22:12,725][INFO ][logstash.outputs.elasticsearch] retrying failed action with response code: 503 ({"type"=>"unavailable_shards_exception", "reason"=>"[logstash-2018.04.17][0] primary shard is not active Timeout: [1m], request: [BulkShardRequest [[logstash-2018.04.17][0]] containing [2] requests]"})
[2018-04-17T11:22:12,725][INFO ][logstash.outputs.elasticsearch] Retrying individual bulk actions that failed or were rejected by the previous bulk request. {:count=>2}
[2018-04-17T11:22:55,413][INFO ][logstash.outputs.elasticsearch] retrying failed action with response code: 503 ({"type"=>"unavailable_shards_exception", "reason"=>"[logstash-2018.04.17][0] primary shard is not active Timeout: [1m], request: [BulkShardRequest [[logstash-2018.04.17][0]] containing [6] requests]"})
[2018-04-17T11:22:55,413][INFO ][logstash.outputs.elasticsearch] retrying failed action with response code: 503 ({"type"=>"unavailable_shards_exception", "reason"=>"[logstash-2018.04.17][0] primary shard is not active Timeout: [1m], request: [BulkShardRequest [[logstash-2018.04.17][0]] containing [6] requests]"})
[2018-04-17T11:22:55,414][INFO ][logstash.outputs.elasticsearch] retrying failed action with response code: 503 ({"type"=>"unavailable_shards_exception", "reason"=>"[logstash-2018.04.17][0] primary shard is not active Timeout: [1m], request: [BulkShardRequest [[logstash-2018.04.17][0]] containing [6] requests]"})
[2018-04-17T11:22:55,415][INFO ][logstash.outputs.elasticsearch] retrying failed action with response code: 503 ({"type"=>"unavailable_shards_exception", "reason"=>"[logstash-2018.04.17][0] primary shard is not active Timeout: [1m], request: [BulkShardRequest [[logstash-2018.04.17][0]] containing [6] requests]"})
[2018-04-17T11:22:55,415][INFO ][logstash.outputs.elasticsearch] retrying failed action with response code: 503 ({"type"=>"unavailable_shards_exception", "reason"=>"[logstash-2018.04.17][0] primary shard is not active Timeout: [1m], request: [BulkShardRequest [[logstash-2018.04.17][0]] containing [6] requests]"})
[2018-04-17T11:22:55,415][INFO ][logstash.outputs.elasticsearch] retrying failed action with response code: 503 ({"type"=>"unavailable_shards_exception", "reason"=>"[logstash-2018.04.17][0] primary shard is not active Timeout: [1m], request: [BulkShardRequest [[logstash-2018.04.17][0]] containing [6] requests]"})
[2018-04-17T11:22:55,416][INFO ][logstash.outputs.elasticsearch] Retrying individual bulk actions that failed or were rejected by the previous bulk request. {:count=>6}
[2018-04-17T11:23:10,717][INFO ][logstash.outputs.elasticsearch] retrying failed action with response code: 503 ({"type"=>"unavailable_shards_exception", "reason"=>"[logstash-2018.04.17][0] primary shard is not active Timeout: [1m], request: [BulkShardRequest [[logstash-2018.04.17][0]] containing [index {[logstash-2018.04.17][doc][nLzp0mIBys1WSt6LWCCY], source[n/a, actual length: [3.5kb], max length: 2kb]}]]"})
[2018-04-17T11:23:10,718][INFO ][logstash.outputs.elasticsearch] Retrying individual bulk actions that failed or were rejected by the previous bulk request. {:count=>1}
[2018-04-17T11:23:10,732][INFO ][logstash.outputs.elasticsearch] retrying failed action with response code: 503 ({"type"=>"unavailable_shards_exception", "reason"=>"[logstash-2018.04.17][0] primary shard is not active Timeout: [1m], request: [BulkShardRequest [[logstash-2018.04.17][0]] containing [index {[logstash-2018.04.17][doc][nbzp0mIBys1WSt6LWCCm], source[{\"@timestamp\":\"2018-04-17T09:18:58.267Z\",\"Version\":0,\"EventID\":7023,\"Severity\":\"ERROR\",\"port\":60825,\"EventTime\":\"2018-03-31 14:04:29\",\"EventReceivedTime\":\"2018-03-31 14:04:30\",\"OpcodeValue\":0,\"ExecutionThreadID\":1224,\"RecordNumber\":6303,\"Hostname\":\"john-PC\",\"param2\":\"%%1062\",\"ProviderGuid\":\"{555908D1-A6D7-4695-8E1E-26931D2012F4}\",\"@version\":\"1\",\"Task\":0,\"SeverityValue\":4,\"EventType\":\"ERROR\",\"Channel\":\"System\",\"SourceModuleType\":\"im_msvistalog\",\"param1\":\"Servidor\",\"ExecutionProcessID\":456,\"SourceName\":\"Service Control Manager\",\"Message\":\"El servicio Servidor se cerrĂł con el siguiente error: \\r\\nNo se ha iniciado el servicio.\",\"host\":\"192.168.56.102\",\"Keywords\":-9187343239835811840,\"SourceModuleName\":\"in\"}]}]]"})
[2018-04-17T11:23:10,732][INFO ][logstash.outputs.elasticsearch] retrying failed action with response code: 503 ({"type"=>"unavailable_shards_exception", "reason"=>"[logstash-2018.04.17][0] primary shard is not active Timeout: [1m], request: [BulkShardRequest [[logstash-2018.04.17][0]] containing [index {[logstash-2018.04.17][doc][nrzp0mIBys1WSt6LWCCm], source[{\"@timestamp\":\"2018-04-17T09:18:58.263Z\",\"Version\":0,\"EventID\":7023,\"Severity\":\"ERROR\",\"port\":60825,\"EventTime\":\"2018-03-31 14:04:29\",\"EventReceivedTime\":\"2018-03-31 14:04:30\",\"OpcodeValue\":0,\"ExecutionThreadID\":1224,\"RecordNumber\":6296,\"Hostname\":\"john-PC\",\"param2\":\"%%1062\",\"ProviderGuid\":\"{555908D1-A6D7-4695-8E1E-26931D2012F4}\",\"@version\":\"1\",\"Task\":0,\"SeverityValue\":4,\"EventType\":\"ERROR\",\"Channel\":\"System\",\"SourceModuleType\":\"im_msvistalog\",\"param1\":\"Servidor\",\"ExecutionProcessID\":456,\"SourceName\":\"Service Control Manager\",\"Message\":\"El servicio Servidor se cerrĂł con el siguiente error: \\r\\nNo se ha iniciado el servicio.\",\"host\":\"192.168.56.102\",\"Keywords\":-9187343239835811840,\"SourceModuleName\":\"in\"}]}]]"})
[2018-04-17T11:23:10,732][INFO ][logstash.outputs.elasticsearch] retrying failed action with response code: 503 ({"type"=>"unavailable_shards_exception", "reason"=>"[logstash-2018.04.17][0] primary shard is not active Timeout: [1m], request: [BulkShardRequest [[logstash-2018.04.17][0]] containing [index {[logstash-2018.04.17][doc][n7zp0mIBys1WSt6LWCCm], source[{\"@timestamp\":\"2018-04-17T09:18:58.267Z\",\"Version\":0,\"EventID\":4634,\"Severity\":\"INFO\",\"TargetUserName\":\"ANONYMOUS LOGON\",\"EventTime\":\"2018-03-31 14:04:29\",\"port\":60825,\"EventReceivedTime\":\"2018-03-31 14:04:30\",\"TargetLogonId\":\"0x1123886f\",\"TargetUserSid\":\"S-1-5-7\",\"OpcodeValue\":0,\"ExecutionThreadID\":1200,\"RecordNumber\":3810,\"Hostname\":\"john-PC\",\"ProviderGuid\":\"{54849625-5478-4994-A5BA-3E3B0328C30D}\",\"LogonType\":\"3\",\"Opcode\":\"InformaciĂłn\",\"@version\":\"1\",\"Task\":12545,\"SeverityValue\":2,\"EventType\":\"AUDIT_SUCCESS\",\"Channel\":\"Security\",\"SourceModuleType\":\"im_msvistalog\",\"ExecutionProcessID\":464,\"SourceName\":\"Microsoft-Windows-Security-Auditing\",\"Message\":\"Se cerrĂł sesiĂłn en una cuenta.\\r\\n\\r\\nSujeto:\\r\\n\\tId. de seguridad:\\t\\tS-1-5-7\\r\\n\\tNombre de cuenta:\\t\\tANONYMOUS LOGON\\r\\n\\tDominio de cuenta:\\t\\tNT AUTHORITY\\r\\n\\tId. de inicio de sesiĂłn:\\t\\t0x1123886f\\r\\n\\r\\nTipo de inicio de sesiĂłn:\\t\\t\\t3\\r\\n\\r\\nEste evento se genera cuando se destruye una sesiĂłn de inicio. Puede estar correlacionado de manera positiva con un evento de inicio de sesiĂłn mediante el valor Id. de inicio de sesiĂłn. Los id. de inicio de sesiĂłn sĂłlo son Ăşnicos entre reinicios en el mismo equipo.\",\"host\":\"192.168.56.102\",\"TargetDomainName\":\"NT AUTHORITY\",\"Category\":\"Cerrar sesiĂłn\",\"Keywords\":-9214364837600034816,\"SourceModuleName\":\"in\"}]}]]"})
[2018-04-17T11:23:10,732][INFO ][logstash.outputs.elasticsearch] Retrying individual bulk actions that failed or were rejected by the previous bulk request. {:count=>1}
[2018-04-17T11:23:10,733][INFO ][logstash.outputs.elasticsearch] Retrying individual bulk actions that failed or were rejected by the previous bulk request. {:count=>1}
[2018-04-17T11:23:10,733][INFO ][logstash.outputs.elasticsearch] Retrying individual bulk actions that failed or were rejected by the previous bulk request. {:count=>1}
[2018-04-17T11:23:10,736][INFO ][logstash.outputs.elasticsearch] retrying failed action with response code: 503 ({"type"=>"unavailable_shards_exception", "reason"=>"[logstash-2018.04.17][0] primary shard is not active Timeout: [1m], request: [BulkShardRequest [[logstash-2018.04.17][0]] containing [index {[logstash-2018.04.17][doc][obzp0mIBys1WSt6LWCCr], source[{\"@timestamp\":\"2018-04-17T09:18:58.266Z\",\"Version\":0,\"EventID\":7024,\"Severity\":\"ERROR\",\"port\":60825,\"EventTime\":\"2018-03-31 14:04:29\",\"EventReceivedTime\":\"2018-03-31 14:04:30\",\"OpcodeValue\":0,\"ExecutionThreadID\":3036,\"RecordNumber\":6300,\"Hostname\":\"john-PC\",\"param2\":\"%%2184\",\"ProviderGuid\":\"{555908D1-A6D7-4695-8E1E-26931D2012F4}\",\"@version\":\"1\",\"Task\":0,\"SeverityValue\":4,\"EventType\":\"ERROR\",\"Channel\":\"System\",\"SourceModuleType\":\"im_msvistalog\",\"param1\":\"Examinador de equipos\",\"ExecutionProcessID\":456,\"SourceName\":\"Service Control Manager\",\"Message\":\"El servicio Examinador de equipos se cerrĂł con el error especĂ­fico de servicio No se ha iniciado el servicio..\",\"host\":\"192.168.56.102\",\"Keywords\":-9187343239835811840,\"SourceModuleName\":\"in\"}]}]]"})
[2018-04-17T11:23:10,736][INFO ][logstash.outputs.elasticsearch] retrying failed action with response code: 503 ({"type"=>"unavailable_shards_exception", "reason"=>"[logstash-2018.04.17][0] primary shard is not active Timeout: [1m], request: [BulkShardRequest [[logstash-2018.04.17][0]] containing [index {[logstash-2018.04.17][doc][oLzp0mIBys1WSt6LWCCr], source[{\"@timestamp\":\"2018-04-17T09:18:58.263Z\",\"Version\":0,\"EventID\":4634,\"Severity\":\"INFO\",\"TargetUserName\":\"ANONYMOUS LOGON\",\"EventTime\":\"2018-03-31 14:04:29\",\"port\":60825,\"EventReceivedTime\":\"2018-03-31 14:04:30\",\"TargetLogonId\":\"0x11235ecc\",\"TargetUserSid\":\"S-1-5-7\",\"OpcodeValue\":0,\"ExecutionThreadID\":1200,\"RecordNumber\":3808,\"Hostname\":\"john-PC\",\"ProviderGuid\":\"{54849625-5478-4994-A5BA-3E3B0328C30D}\",\"LogonType\":\"3\",\"Opcode\":\"InformaciĂłn\",\"@version\":\"1\",\"Task\":12545,\"SeverityValue\":2,\"EventType\":\"AUDIT_SUCCESS\",\"Channel\":\"Security\",\"SourceModuleType\":\"im_msvistalog\",\"ExecutionProcessID\":464,\"SourceName\":\"Microsoft-Windows-Security-Auditing\",\"Message\":\"Se cerrĂł sesiĂłn en una cuenta.\\r\\n\\r\\nSujeto:\\r\\n\\tId. de seguridad:\\t\\tS-1-5-7\\r\\n\\tNombre de cuenta:\\t\\tANONYMOUS LOGON\\r\\n\\tDominio de cuenta:\\t\\tNT AUTHORITY\\r\\n\\tId. de inicio de sesiĂłn:\\t\\t0x11235ecc\\r\\n\\r\\nTipo de inicio de sesiĂłn:\\t\\t\\t3\\r\\n\\r\\nEste evento se genera cuando se destruye una sesiĂłn de inicio. Puede estar correlacionado de manera positiva con un evento de inicio de sesiĂłn mediante el valor Id. de inicio de sesiĂłn. Los id. de inicio de sesiĂłn sĂłlo son Ăşnicos entre reinicios en el mismo equipo.\",\"host\":\"192.168.56.102\",\"TargetDomainName\":\"NT AUTHORITY\",\"Category\":\"Cerrar sesiĂłn\",\"Keywords\":-9214364837600034816,\"SourceModuleName\":\"in\"}]}]]"})
